2017-08-15 18:32:37,588 ERROR o.a.t.ProcessFunction [http-apr-80-exec-8] Internal error processing getCapabilities
org.apache.thrift.transport.TTransportException: java.net.ConnectException: Connection refused (Connection refused)
	at org.apache.thrift.transport.TSocket.open(TSocket.java:226) ~[libthrift-0.9.3.jar:0.9.3]
	at org.apache.thrift.transport.TFramedTransport.open(TFramedTransport.java:81) ~[libthrift-0.9.3.jar:0.9.3]
	at edu.jhu.hlt.cadet.search.RemoteSearchProvider.getCapabilities(RemoteSearchProvider.java:99) ~[cadet-broker-2.0.0-SNAPSHOT.jar:?]
	at edu.jhu.hlt.cadet.search.SearchProxyHandler.getCapabilities(SearchProxyHandler.java:45) ~[classes/:?]
	at edu.jhu.hlt.concrete.search.SearchProxyService$Processor$getCapabilities.getResult(SearchProxyService.java:440) ~[concrete-core-4.12.1-SNAPSHOT.jar:?]
	at edu.jhu.hlt.concrete.search.SearchProxyService$Processor$getCapabilities.getResult(SearchProxyService.java:424) ~[concrete-core-4.12.1-SNAPSHOT.jar:?]
	at org.apache.thrift.ProcessFunction.process(ProcessFunction.java:39) [libthrift-0.9.3.jar:0.9.3]
	at org.apache.thrift.TBaseProcessor.process(TBaseProcessor.java:39) [libthrift-0.9.3.jar:0.9.3]
	at org.apache.thrift.server.TServlet.doPost(TServlet.java:83) [libthrift-0.9.3.jar:0.9.3]
	at javax.servlet.http.HttpServlet.service(HttpServlet.java:650) [servlet-api.jar:?]
	at javax.servlet.http.HttpServlet.service(HttpServlet.java:731) [servlet-api.jar:?]
	at org.apache.catalina.core.ApplicationFilterChain.internalDoFilter(ApplicationFilterChain.java:303) [catalina.jar:7.0.77]
	at org.apache.catalina.core.ApplicationFilterChain.doFilter(ApplicationFilterChain.java:208) [catalina.jar:7.0.77]
	at org.apache.tomcat.websocket.server.WsFilter.doFilter(WsFilter.java:52) [tomcat7-websocket.jar:7.0.77]
	at org.apache.catalina.core.ApplicationFilterChain.internalDoFilter(ApplicationFilterChain.java:241) [catalina.jar:7.0.77]
	at org.apache.catalina.core.ApplicationFilterChain.doFilter(ApplicationFilterChain.java:208) [catalina.jar:7.0.77]
	at org.apache.logging.log4j.web.Log4jServletFilter.doFilter(Log4jServletFilter.java:71) [log4j-web-2.7.jar:2.7]
	at org.apache.catalina.core.ApplicationFilterChain.internalDoFilter(ApplicationFilterChain.java:241) [catalina.jar:7.0.77]
	at org.apache.catalina.core.ApplicationFilterChain.doFilter(ApplicationFilterChain.java:208) [catalina.jar:7.0.77]
	at org.apache.catalina.core.StandardWrapperValve.invoke(StandardWrapperValve.java:218) [catalina.jar:7.0.77]
	at org.apache.catalina.core.StandardContextValve.invoke(StandardContextValve.java:110) [catalina.jar:7.0.77]
	at org.apache.catalina.authenticator.AuthenticatorBase.invoke(AuthenticatorBase.java:506) [catalina.jar:7.0.77]
	at org.apache.catalina.core.StandardHostValve.invoke(StandardHostValve.java:169) [catalina.jar:7.0.77]
	at org.apache.catalina.valves.ErrorReportValve.invoke(ErrorReportValve.java:103) [catalina.jar:7.0.77]
	at org.apache.catalina.valves.AccessLogValve.invoke(AccessLogValve.java:962) [catalina.jar:7.0.77]
	at org.apache.catalina.core.StandardEngineValve.invoke(StandardEngineValve.java:116) [catalina.jar:7.0.77]
	at org.apache.catalina.connector.CoyoteAdapter.service(CoyoteAdapter.java:445) [catalina.jar:7.0.77]
	at org.apache.coyote.http11.AbstractHttp11Processor.process(AbstractHttp11Processor.java:1115) [tomcat-coyote.jar:7.0.77]
	at org.apache.coyote.AbstractProtocol$AbstractConnectionHandler.process(AbstractProtocol.java:637) [tomcat-coyote.jar:7.0.77]
	at org.apache.tomcat.util.net.AprEndpoint$SocketProcessor.doRun(AprEndpoint.java:2549) [tomcat-coyote.jar:7.0.77]
	at org.apache.tomcat.util.net.AprEndpoint$SocketProcessor.run(AprEndpoint.java:2538) [tomcat-coyote.jar:7.0.77]
	at java.util.concurrent.ThreadPoolExecutor.runWorker(ThreadPoolExecutor.java:1142) [?:1.8.0_121]
	at java.util.concurrent.ThreadPoolExecutor$Worker.run(ThreadPoolExecutor.java:617) [?:1.8.0_121]
	at org.apache.tomcat.util.threads.TaskThread$WrappingRunnable.run(TaskThread.java:61) [tomcat-coyote.jar:7.0.77]
	at java.lang.Thread.run(Thread.java:745) [?:1.8.0_121]
Caused by: java.net.ConnectException: Connection refused (Connection refused)
	at java.net.PlainSocketImpl.socketConnect(Native Method) ~[?:1.8.0_121]
	at java.net.AbstractPlainSocketImpl.doConnect(AbstractPlainSocketImpl.java:350) ~[?:1.8.0_121]
	at java.net.AbstractPlainSocketImpl.connectToAddress(AbstractPlainSocketImpl.java:206) ~[?:1.8.0_121]
	at java.net.AbstractPlainSocketImpl.connect(AbstractPlainSocketImpl.java:188) ~[?:1.8.0_121]
	at java.net.SocksSocketImpl.connect(SocksSocketImpl.java:392) ~[?:1.8.0_121]
	at java.net.Socket.connect(Socket.java:589) ~[?:1.8.0_121]
	at org.apache.thrift.transport.TSocket.open(TSocket.java:221) ~[libthrift-0.9.3.jar:0.9.3]
	... 34 more
2017-08-15 18:32:37,704 INFO e.j.h.c.r.ResultsHandler [http-apr-80-exec-5] Results server: getting next chunk of data for session ac2b1643-65bb-4e6d-9c01-28dad48d4c51 and key id 72439525-7888-68e6-188e-16508a5e57da
2017-08-15 18:32:42,066 ERROR o.a.t.ProcessFunction [http-apr-80-exec-5] Internal error processing getCapabilities
org.apache.thrift.transport.TTransportException: java.net.ConnectException: Connection refused (Connection refused)
	at org.apache.thrift.transport.TSocket.open(TSocket.java:226) ~[libthrift-0.9.3.jar:0.9.3]
	at org.apache.thrift.transport.TFramedTransport.open(TFramedTransport.java:81) ~[libthrift-0.9.3.jar:0.9.3]
	at edu.jhu.hlt.cadet.search.RemoteSearchProvider.getCapabilities(RemoteSearchProvider.java:99) ~[cadet-broker-2.0.0-SNAPSHOT.jar:?]
	at edu.jhu.hlt.cadet.search.SearchProxyHandler.getCapabilities(SearchProxyHandler.java:45) ~[classes/:?]
	at edu.jhu.hlt.concrete.search.SearchProxyService$Processor$getCapabilities.getResult(SearchProxyService.java:440) ~[concrete-core-4.12.1-SNAPSHOT.jar:?]
	at edu.jhu.hlt.concrete.search.SearchProxyService$Processor$getCapabilities.getResult(SearchProxyService.java:424) ~[concrete-core-4.12.1-SNAPSHOT.jar:?]
	at org.apache.thrift.ProcessFunction.process(ProcessFunction.java:39) [libthrift-0.9.3.jar:0.9.3]
	at org.apache.thrift.TBaseProcessor.process(TBaseProcessor.java:39) [libthrift-0.9.3.jar:0.9.3]
	at org.apache.thrift.server.TServlet.doPost(TServlet.java:83) [libthrift-0.9.3.jar:0.9.3]
	at javax.servlet.http.HttpServlet.service(HttpServlet.java:650) [servlet-api.jar:?]
	at javax.servlet.http.HttpServlet.service(HttpServlet.java:731) [servlet-api.jar:?]
	at org.apache.catalina.core.ApplicationFilterChain.internalDoFilter(ApplicationFilterChain.java:303) [catalina.jar:7.0.77]
	at org.apache.catalina.core.ApplicationFilterChain.doFilter(ApplicationFilterChain.java:208) [catalina.jar:7.0.77]
	at org.apache.tomcat.websocket.server.WsFilter.doFilter(WsFilter.java:52) [tomcat7-websocket.jar:7.0.77]
	at org.apache.catalina.core.ApplicationFilterChain.internalDoFilter(ApplicationFilterChain.java:241) [catalina.jar:7.0.77]
	at org.apache.catalina.core.ApplicationFilterChain.doFilter(ApplicationFilterChain.java:208) [catalina.jar:7.0.77]
	at org.apache.logging.log4j.web.Log4jServletFilter.doFilter(Log4jServletFilter.java:71) [log4j-web-2.7.jar:2.7]
	at org.apache.catalina.core.ApplicationFilterChain.internalDoFilter(ApplicationFilterChain.java:241) [catalina.jar:7.0.77]
	at org.apache.catalina.core.ApplicationFilterChain.doFilter(ApplicationFilterChain.java:208) [catalina.jar:7.0.77]
	at org.apache.catalina.core.StandardWrapperValve.invoke(StandardWrapperValve.java:218) [catalina.jar:7.0.77]
	at org.apache.catalina.core.StandardContextValve.invoke(StandardContextValve.java:110) [catalina.jar:7.0.77]
	at org.apache.catalina.authenticator.AuthenticatorBase.invoke(AuthenticatorBase.java:506) [catalina.jar:7.0.77]
	at org.apache.catalina.core.StandardHostValve.invoke(StandardHostValve.java:169) [catalina.jar:7.0.77]
	at org.apache.catalina.valves.ErrorReportValve.invoke(ErrorReportValve.java:103) [catalina.jar:7.0.77]
	at org.apache.catalina.valves.AccessLogValve.invoke(AccessLogValve.java:962) [catalina.jar:7.0.77]
	at org.apache.catalina.core.StandardEngineValve.invoke(StandardEngineValve.java:116) [catalina.jar:7.0.77]
	at org.apache.catalina.connector.CoyoteAdapter.service(CoyoteAdapter.java:445) [catalina.jar:7.0.77]
	at org.apache.coyote.http11.AbstractHttp11Processor.process(AbstractHttp11Processor.java:1115) [tomcat-coyote.jar:7.0.77]
	at org.apache.coyote.AbstractProtocol$AbstractConnectionHandler.process(AbstractProtocol.java:637) [tomcat-coyote.jar:7.0.77]
	at org.apache.tomcat.util.net.AprEndpoint$SocketProcessor.doRun(AprEndpoint.java:2549) [tomcat-coyote.jar:7.0.77]
	at org.apache.tomcat.util.net.AprEndpoint$SocketProcessor.run(AprEndpoint.java:2538) [tomcat-coyote.jar:7.0.77]
	at java.util.concurrent.ThreadPoolExecutor.runWorker(ThreadPoolExecutor.java:1142) [?:1.8.0_121]
	at java.util.concurrent.ThreadPoolExecutor$Worker.run(ThreadPoolExecutor.java:617) [?:1.8.0_121]
	at org.apache.tomcat.util.threads.TaskThread$WrappingRunnable.run(TaskThread.java:61) [tomcat-coyote.jar:7.0.77]
	at java.lang.Thread.run(Thread.java:745) [?:1.8.0_121]
Caused by: java.net.ConnectException: Connection refused (Connection refused)
	at java.net.PlainSocketImpl.socketConnect(Native Method) ~[?:1.8.0_121]
	at java.net.AbstractPlainSocketImpl.doConnect(AbstractPlainSocketImpl.java:350) ~[?:1.8.0_121]
	at java.net.AbstractPlainSocketImpl.connectToAddress(AbstractPlainSocketImpl.java:206) ~[?:1.8.0_121]
	at java.net.AbstractPlainSocketImpl.connect(AbstractPlainSocketImpl.java:188) ~[?:1.8.0_121]
	at java.net.SocksSocketImpl.connect(SocksSocketImpl.java:392) ~[?:1.8.0_121]
	at java.net.Socket.connect(Socket.java:589) ~[?:1.8.0_121]
	at org.apache.thrift.transport.TSocket.open(TSocket.java:221) ~[libthrift-0.9.3.jar:0.9.3]
	... 34 more
2017-08-15 18:33:36,241 ERROR o.a.t.ProcessFunction [http-apr-80-exec-6] Internal error processing getCapabilities
org.apache.thrift.transport.TTransportException: java.net.ConnectException: Connection refused (Connection refused)
	at org.apache.thrift.transport.TSocket.open(TSocket.java:226) ~[libthrift-0.9.3.jar:0.9.3]
	at org.apache.thrift.transport.TFramedTransport.open(TFramedTransport.java:81) ~[libthrift-0.9.3.jar:0.9.3]
	at edu.jhu.hlt.cadet.search.RemoteSearchProvider.getCapabilities(RemoteSearchProvider.java:99) ~[cadet-broker-2.0.0-SNAPSHOT.jar:?]
	at edu.jhu.hlt.cadet.search.SearchProxyHandler.getCapabilities(SearchProxyHandler.java:45) ~[classes/:?]
	at edu.jhu.hlt.concrete.search.SearchProxyService$Processor$getCapabilities.getResult(SearchProxyService.java:440) ~[concrete-core-4.12.1-SNAPSHOT.jar:?]
	at edu.jhu.hlt.concrete.search.SearchProxyService$Processor$getCapabilities.getResult(SearchProxyService.java:424) ~[concrete-core-4.12.1-SNAPSHOT.jar:?]
	at org.apache.thrift.ProcessFunction.process(ProcessFunction.java:39) [libthrift-0.9.3.jar:0.9.3]
	at org.apache.thrift.TBaseProcessor.process(TBaseProcessor.java:39) [libthrift-0.9.3.jar:0.9.3]
	at org.apache.thrift.server.TServlet.doPost(TServlet.java:83) [libthrift-0.9.3.jar:0.9.3]
	at javax.servlet.http.HttpServlet.service(HttpServlet.java:650) [servlet-api.jar:?]
	at javax.servlet.http.HttpServlet.service(HttpServlet.java:731) [servlet-api.jar:?]
	at org.apache.catalina.core.ApplicationFilterChain.internalDoFilter(ApplicationFilterChain.java:303) [catalina.jar:7.0.77]
	at org.apache.catalina.core.ApplicationFilterChain.doFilter(ApplicationFilterChain.java:208) [catalina.jar:7.0.77]
	at org.apache.tomcat.websocket.server.WsFilter.doFilter(WsFilter.java:52) [tomcat7-websocket.jar:7.0.77]
	at org.apache.catalina.core.ApplicationFilterChain.internalDoFilter(ApplicationFilterChain.java:241) [catalina.jar:7.0.77]
	at org.apache.catalina.core.ApplicationFilterChain.doFilter(ApplicationFilterChain.java:208) [catalina.jar:7.0.77]
	at org.apache.logging.log4j.web.Log4jServletFilter.doFilter(Log4jServletFilter.java:71) [log4j-web-2.7.jar:2.7]
	at org.apache.catalina.core.ApplicationFilterChain.internalDoFilter(ApplicationFilterChain.java:241) [catalina.jar:7.0.77]
	at org.apache.catalina.core.ApplicationFilterChain.doFilter(ApplicationFilterChain.java:208) [catalina.jar:7.0.77]
	at org.apache.catalina.core.StandardWrapperValve.invoke(StandardWrapperValve.java:218) [catalina.jar:7.0.77]
	at org.apache.catalina.core.StandardContextValve.invoke(StandardContextValve.java:110) [catalina.jar:7.0.77]
	at org.apache.catalina.authenticator.AuthenticatorBase.invoke(AuthenticatorBase.java:506) [catalina.jar:7.0.77]
	at org.apache.catalina.core.StandardHostValve.invoke(StandardHostValve.java:169) [catalina.jar:7.0.77]
	at org.apache.catalina.valves.ErrorReportValve.invoke(ErrorReportValve.java:103) [catalina.jar:7.0.77]
	at org.apache.catalina.valves.AccessLogValve.invoke(AccessLogValve.java:962) [catalina.jar:7.0.77]
	at org.apache.catalina.core.StandardEngineValve.invoke(StandardEngineValve.java:116) [catalina.jar:7.0.77]
	at org.apache.catalina.connector.CoyoteAdapter.service(CoyoteAdapter.java:445) [catalina.jar:7.0.77]
	at org.apache.coyote.http11.AbstractHttp11Processor.process(AbstractHttp11Processor.java:1115) [tomcat-coyote.jar:7.0.77]
	at org.apache.coyote.AbstractProtocol$AbstractConnectionHandler.process(AbstractProtocol.java:637) [tomcat-coyote.jar:7.0.77]
	at org.apache.tomcat.util.net.AprEndpoint$SocketProcessor.doRun(AprEndpoint.java:2549) [tomcat-coyote.jar:7.0.77]
	at org.apache.tomcat.util.net.AprEndpoint$SocketProcessor.run(AprEndpoint.java:2538) [tomcat-coyote.jar:7.0.77]
	at java.util.concurrent.ThreadPoolExecutor.runWorker(ThreadPoolExecutor.java:1142) [?:1.8.0_121]
	at java.util.concurrent.ThreadPoolExecutor$Worker.run(ThreadPoolExecutor.java:617) [?:1.8.0_121]
	at org.apache.tomcat.util.threads.TaskThread$WrappingRunnable.run(TaskThread.java:61) [tomcat-coyote.jar:7.0.77]
	at java.lang.Thread.run(Thread.java:745) [?:1.8.0_121]
Caused by: java.net.ConnectException: Connection refused (Connection refused)
	at java.net.PlainSocketImpl.socketConnect(Native Method) ~[?:1.8.0_121]
	at java.net.AbstractPlainSocketImpl.doConnect(AbstractPlainSocketImpl.java:350) ~[?:1.8.0_121]
	at java.net.AbstractPlainSocketImpl.connectToAddress(AbstractPlainSocketImpl.java:206) ~[?:1.8.0_121]
	at java.net.AbstractPlainSocketImpl.connect(AbstractPlainSocketImpl.java:188) ~[?:1.8.0_121]
	at java.net.SocksSocketImpl.connect(SocksSocketImpl.java:392) ~[?:1.8.0_121]
	at java.net.Socket.connect(Socket.java:589) ~[?:1.8.0_121]
	at org.apache.thrift.transport.TSocket.open(TSocket.java:221) ~[libthrift-0.9.3.jar:0.9.3]
	... 34 more
2017-08-15 18:35:49,476 ERROR o.a.t.ProcessFunction [http-apr-80-exec-11] Internal error processing alive
org.apache.thrift.TApplicationException: alive failed: out of sequence response
	at org.apache.thrift.TServiceClient.receiveBase(TServiceClient.java:84) ~[libthrift-0.9.3.jar:0.9.3]
	at edu.jhu.hlt.concrete.services.Service$Client.recv_alive(Service.java:122) ~[concrete-core-4.12.1-SNAPSHOT.jar:?]
	at edu.jhu.hlt.concrete.services.Service$Client.alive(Service.java:110) ~[concrete-core-4.12.1-SNAPSHOT.jar:?]
	at edu.jhu.hlt.cadet.fetch.RemoteFetchProvider.alive(RemoteFetchProvider.java:95) ~[cadet-broker-2.0.0-SNAPSHOT.jar:?]
	at edu.jhu.hlt.cadet.fetch.FetchHandler.alive(FetchHandler.java:83) ~[classes/:?]
	at edu.jhu.hlt.concrete.services.Service$Processor$alive.getResult(Service.java:258) ~[concrete-core-4.12.1-SNAPSHOT.jar:?]
	at edu.jhu.hlt.concrete.services.Service$Processor$alive.getResult(Service.java:243) ~[concrete-core-4.12.1-SNAPSHOT.jar:?]
	at org.apache.thrift.ProcessFunction.process(ProcessFunction.java:39) [libthrift-0.9.3.jar:0.9.3]
	at org.apache.thrift.TBaseProcessor.process(TBaseProcessor.java:39) [libthrift-0.9.3.jar:0.9.3]
	at org.apache.thrift.server.TServlet.doPost(TServlet.java:83) [libthrift-0.9.3.jar:0.9.3]
	at javax.servlet.http.HttpServlet.service(HttpServlet.java:650) [servlet-api.jar:?]
	at javax.servlet.http.HttpServlet.service(HttpServlet.java:731) [servlet-api.jar:?]
	at org.apache.catalina.core.ApplicationFilterChain.internalDoFilter(ApplicationFilterChain.java:303) [catalina.jar:7.0.77]
	at org.apache.catalina.core.ApplicationFilterChain.doFilter(ApplicationFilterChain.java:208) [catalina.jar:7.0.77]
	at org.apache.tomcat.websocket.server.WsFilter.doFilter(WsFilter.java:52) [tomcat7-websocket.jar:7.0.77]
	at org.apache.catalina.core.ApplicationFilterChain.internalDoFilter(ApplicationFilterChain.java:241) [catalina.jar:7.0.77]
	at org.apache.catalina.core.ApplicationFilterChain.doFilter(ApplicationFilterChain.java:208) [catalina.jar:7.0.77]
	at org.apache.logging.log4j.web.Log4jServletFilter.doFilter(Log4jServletFilter.java:71) [log4j-web-2.7.jar:2.7]
	at org.apache.catalina.core.ApplicationFilterChain.internalDoFilter(ApplicationFilterChain.java:241) [catalina.jar:7.0.77]
	at org.apache.catalina.core.ApplicationFilterChain.doFilter(ApplicationFilterChain.java:208) [catalina.jar:7.0.77]
	at org.apache.catalina.core.StandardWrapperValve.invoke(StandardWrapperValve.java:218) [catalina.jar:7.0.77]
	at org.apache.catalina.core.StandardContextValve.invoke(StandardContextValve.java:110) [catalina.jar:7.0.77]
	at org.apache.catalina.authenticator.AuthenticatorBase.invoke(AuthenticatorBase.java:506) [catalina.jar:7.0.77]
	at org.apache.catalina.core.StandardHostValve.invoke(StandardHostValve.java:169) [catalina.jar:7.0.77]
	at org.apache.catalina.valves.ErrorReportValve.invoke(ErrorReportValve.java:103) [catalina.jar:7.0.77]
	at org.apache.catalina.valves.AccessLogValve.invoke(AccessLogValve.java:962) [catalina.jar:7.0.77]
	at org.apache.catalina.core.StandardEngineValve.invoke(StandardEngineValve.java:116) [catalina.jar:7.0.77]
	at org.apache.catalina.connector.CoyoteAdapter.service(CoyoteAdapter.java:445) [catalina.jar:7.0.77]
	at org.apache.coyote.http11.AbstractHttp11Processor.process(AbstractHttp11Processor.java:1115) [tomcat-coyote.jar:7.0.77]
	at org.apache.coyote.AbstractProtocol$AbstractConnectionHandler.process(AbstractProtocol.java:637) [tomcat-coyote.jar:7.0.77]
	at org.apache.tomcat.util.net.AprEndpoint$SocketProcessor.doRun(AprEndpoint.java:2549) [tomcat-coyote.jar:7.0.77]
	at org.apache.tomcat.util.net.AprEndpoint$SocketProcessor.run(AprEndpoint.java:2538) [tomcat-coyote.jar:7.0.77]
	at java.util.concurrent.ThreadPoolExecutor.runWorker(ThreadPoolExecutor.java:1142) [?:1.8.0_121]
	at java.util.concurrent.ThreadPoolExecutor$Worker.run(ThreadPoolExecutor.java:617) [?:1.8.0_121]
	at org.apache.tomcat.util.threads.TaskThread$WrappingRunnable.run(TaskThread.java:61) [tomcat-coyote.jar:7.0.77]
	at java.lang.Thread.run(Thread.java:745) [?:1.8.0_121]
2017-08-15 18:35:49,478 ERROR o.a.t.ProcessFunction [http-apr-80-exec-1] Internal error processing alive
org.apache.thrift.TApplicationException: alive failed: out of sequence response
	at org.apache.thrift.TServiceClient.receiveBase(TServiceClient.java:84) ~[libthrift-0.9.3.jar:0.9.3]
	at edu.jhu.hlt.concrete.services.Service$Client.recv_alive(Service.java:122) ~[concrete-core-4.12.1-SNAPSHOT.jar:?]
	at edu.jhu.hlt.concrete.services.Service$Client.alive(Service.java:110) ~[concrete-core-4.12.1-SNAPSHOT.jar:?]
	at edu.jhu.hlt.cadet.fetch.RemoteFetchProvider.alive(RemoteFetchProvider.java:95) ~[cadet-broker-2.0.0-SNAPSHOT.jar:?]
	at edu.jhu.hlt.cadet.fetch.FetchHandler.alive(FetchHandler.java:83) ~[classes/:?]
	at edu.jhu.hlt.concrete.services.Service$Processor$alive.getResult(Service.java:258) ~[concrete-core-4.12.1-SNAPSHOT.jar:?]
	at edu.jhu.hlt.concrete.services.Service$Processor$alive.getResult(Service.java:243) ~[concrete-core-4.12.1-SNAPSHOT.jar:?]
	at org.apache.thrift.ProcessFunction.process(ProcessFunction.java:39) [libthrift-0.9.3.jar:0.9.3]
	at org.apache.thrift.TBaseProcessor.process(TBaseProcessor.java:39) [libthrift-0.9.3.jar:0.9.3]
	at org.apache.thrift.server.TServlet.doPost(TServlet.java:83) [libthrift-0.9.3.jar:0.9.3]
	at javax.servlet.http.HttpServlet.service(HttpServlet.java:650) [servlet-api.jar:?]
	at javax.servlet.http.HttpServlet.service(HttpServlet.java:731) [servlet-api.jar:?]
	at org.apache.catalina.core.ApplicationFilterChain.internalDoFilter(ApplicationFilterChain.java:303) [catalina.jar:7.0.77]
	at org.apache.catalina.core.ApplicationFilterChain.doFilter(ApplicationFilterChain.java:208) [catalina.jar:7.0.77]
	at org.apache.tomcat.websocket.server.WsFilter.doFilter(WsFilter.java:52) [tomcat7-websocket.jar:7.0.77]
	at org.apache.catalina.core.ApplicationFilterChain.internalDoFilter(ApplicationFilterChain.java:241) [catalina.jar:7.0.77]
	at org.apache.catalina.core.ApplicationFilterChain.doFilter(ApplicationFilterChain.java:208) [catalina.jar:7.0.77]
	at org.apache.logging.log4j.web.Log4jServletFilter.doFilter(Log4jServletFilter.java:71) [log4j-web-2.7.jar:2.7]
	at org.apache.catalina.core.ApplicationFilterChain.internalDoFilter(ApplicationFilterChain.java:241) [catalina.jar:7.0.77]
	at org.apache.catalina.core.ApplicationFilterChain.doFilter(ApplicationFilterChain.java:208) [catalina.jar:7.0.77]
	at org.apache.catalina.core.StandardWrapperValve.invoke(StandardWrapperValve.java:218) [catalina.jar:7.0.77]
	at org.apache.catalina.core.StandardContextValve.invoke(StandardContextValve.java:110) [catalina.jar:7.0.77]
	at org.apache.catalina.authenticator.AuthenticatorBase.invoke(AuthenticatorBase.java:506) [catalina.jar:7.0.77]
	at org.apache.catalina.core.StandardHostValve.invoke(StandardHostValve.java:169) [catalina.jar:7.0.77]
	at org.apache.catalina.valves.ErrorReportValve.invoke(ErrorReportValve.java:103) [catalina.jar:7.0.77]
	at org.apache.catalina.valves.AccessLogValve.invoke(AccessLogValve.java:962) [catalina.jar:7.0.77]
	at org.apache.catalina.core.StandardEngineValve.invoke(StandardEngineValve.java:116) [catalina.jar:7.0.77]
	at org.apache.catalina.connector.CoyoteAdapter.service(CoyoteAdapter.java:445) [catalina.jar:7.0.77]
	at org.apache.coyote.http11.AbstractHttp11Processor.process(AbstractHttp11Processor.java:1115) [tomcat-coyote.jar:7.0.77]
	at org.apache.coyote.AbstractProtocol$AbstractConnectionHandler.process(AbstractProtocol.java:637) [tomcat-coyote.jar:7.0.77]
	at org.apache.tomcat.util.net.AprEndpoint$SocketProcessor.doRun(AprEndpoint.java:2549) [tomcat-coyote.jar:7.0.77]
	at org.apache.tomcat.util.net.AprEndpoint$SocketProcessor.run(AprEndpoint.java:2538) [tomcat-coyote.jar:7.0.77]
	at java.util.concurrent.ThreadPoolExecutor.runWorker(ThreadPoolExecutor.java:1142) [?:1.8.0_121]
	at java.util.concurrent.ThreadPoolExecutor$Worker.run(ThreadPoolExecutor.java:617) [?:1.8.0_121]
	at org.apache.tomcat.util.threads.TaskThread$WrappingRunnable.run(TaskThread.java:61) [tomcat-coyote.jar:7.0.77]
	at java.lang.Thread.run(Thread.java:745) [?:1.8.0_121]
2017-08-15 18:35:49,484 ERROR o.a.t.ProcessFunction [http-apr-80-exec-9] Internal error processing alive
org.apache.thrift.TApplicationException: alive failed: out of sequence response
	at org.apache.thrift.TServiceClient.receiveBase(TServiceClient.java:84) ~[libthrift-0.9.3.jar:0.9.3]
	at edu.jhu.hlt.concrete.services.Service$Client.recv_alive(Service.java:122) ~[concrete-core-4.12.1-SNAPSHOT.jar:?]
	at edu.jhu.hlt.concrete.services.Service$Client.alive(Service.java:110) ~[concrete-core-4.12.1-SNAPSHOT.jar:?]
	at edu.jhu.hlt.cadet.fetch.RemoteFetchProvider.alive(RemoteFetchProvider.java:95) ~[cadet-broker-2.0.0-SNAPSHOT.jar:?]
	at edu.jhu.hlt.cadet.fetch.FetchHandler.alive(FetchHandler.java:83) ~[classes/:?]
	at edu.jhu.hlt.concrete.services.Service$Processor$alive.getResult(Service.java:258) ~[concrete-core-4.12.1-SNAPSHOT.jar:?]
	at edu.jhu.hlt.concrete.services.Service$Processor$alive.getResult(Service.java:243) ~[concrete-core-4.12.1-SNAPSHOT.jar:?]
	at org.apache.thrift.ProcessFunction.process(ProcessFunction.java:39) [libthrift-0.9.3.jar:0.9.3]
	at org.apache.thrift.TBaseProcessor.process(TBaseProcessor.java:39) [libthrift-0.9.3.jar:0.9.3]
	at org.apache.thrift.server.TServlet.doPost(TServlet.java:83) [libthrift-0.9.3.jar:0.9.3]
	at javax.servlet.http.HttpServlet.service(HttpServlet.java:650) [servlet-api.jar:?]
	at javax.servlet.http.HttpServlet.service(HttpServlet.java:731) [servlet-api.jar:?]
	at org.apache.catalina.core.ApplicationFilterChain.internalDoFilter(ApplicationFilterChain.java:303) [catalina.jar:7.0.77]
	at org.apache.catalina.core.ApplicationFilterChain.doFilter(ApplicationFilterChain.java:208) [catalina.jar:7.0.77]
	at org.apache.tomcat.websocket.server.WsFilter.doFilter(WsFilter.java:52) [tomcat7-websocket.jar:7.0.77]
	at org.apache.catalina.core.ApplicationFilterChain.internalDoFilter(ApplicationFilterChain.java:241) [catalina.jar:7.0.77]
	at org.apache.catalina.core.ApplicationFilterChain.doFilter(ApplicationFilterChain.java:208) [catalina.jar:7.0.77]
	at org.apache.logging.log4j.web.Log4jServletFilter.doFilter(Log4jServletFilter.java:71) [log4j-web-2.7.jar:2.7]
	at org.apache.catalina.core.ApplicationFilterChain.internalDoFilter(ApplicationFilterChain.java:241) [catalina.jar:7.0.77]
	at org.apache.catalina.core.ApplicationFilterChain.doFilter(ApplicationFilterChain.java:208) [catalina.jar:7.0.77]
	at org.apache.catalina.core.StandardWrapperValve.invoke(StandardWrapperValve.java:218) [catalina.jar:7.0.77]
	at org.apache.catalina.core.StandardContextValve.invoke(StandardContextValve.java:110) [catalina.jar:7.0.77]
	at org.apache.catalina.authenticator.AuthenticatorBase.invoke(AuthenticatorBase.java:506) [catalina.jar:7.0.77]
	at org.apache.catalina.core.StandardHostValve.invoke(StandardHostValve.java:169) [catalina.jar:7.0.77]
	at org.apache.catalina.valves.ErrorReportValve.invoke(ErrorReportValve.java:103) [catalina.jar:7.0.77]
	at org.apache.catalina.valves.AccessLogValve.invoke(AccessLogValve.java:962) [catalina.jar:7.0.77]
	at org.apache.catalina.core.StandardEngineValve.invoke(StandardEngineValve.java:116) [catalina.jar:7.0.77]
	at org.apache.catalina.connector.CoyoteAdapter.service(CoyoteAdapter.java:445) [catalina.jar:7.0.77]
	at org.apache.coyote.http11.AbstractHttp11Processor.process(AbstractHttp11Processor.java:1115) [tomcat-coyote.jar:7.0.77]
	at org.apache.coyote.AbstractProtocol$AbstractConnectionHandler.process(AbstractProtocol.java:637) [tomcat-coyote.jar:7.0.77]
	at org.apache.tomcat.util.net.AprEndpoint$SocketProcessor.doRun(AprEndpoint.java:2549) [tomcat-coyote.jar:7.0.77]
	at org.apache.tomcat.util.net.AprEndpoint$SocketProcessor.run(AprEndpoint.java:2538) [tomcat-coyote.jar:7.0.77]
	at java.util.concurrent.ThreadPoolExecutor.runWorker(ThreadPoolExecutor.java:1142) [?:1.8.0_121]
	at java.util.concurrent.ThreadPoolExecutor$Worker.run(ThreadPoolExecutor.java:617) [?:1.8.0_121]
	at org.apache.tomcat.util.threads.TaskThread$WrappingRunnable.run(TaskThread.java:61) [tomcat-coyote.jar:7.0.77]
	at java.lang.Thread.run(Thread.java:745) [?:1.8.0_121]
2017-08-15 18:45:27,022 INFO e.j.h.c.s.RemoteSearchProvider [http-apr-80-exec-24] getCorpora() called for SearchProvider search_provider_one
2017-08-15 18:45:37,007 INFO e.j.h.c.r.ResultsHandler [http-apr-80-exec-24] Results Server: registering search results 26218388-6b9f-4e75-9358-e1c3d2f65689 for NER
2017-08-15 18:45:37,048 INFO e.j.h.c.r.ResultsHandler [http-apr-80-exec-27] Results server: starting annotation session on 26218388-6b9f-4e75-9358-e1c3d2f65689 with session id 1d399aec-6f2b-40de-b91a-8c494a55d32e
2017-08-15 18:46:31,624 INFO e.j.h.c.s.RemoteSearchProvider [http-apr-80-exec-20] getCorpora() called for SearchProvider search_provider_one
